# JRE version: OpenJDK Runtime Environment Microsoft-9911842 (21.0.4+7) (build 21.0.4+7-LTS)
# Java VM: OpenJDK 64-Bit Server VM Microsoft-9911842 (21.0.4+7-LTS, mixed mode, sharing, tiered, compressed oops, compressed class ptrs, g1 gc, bsd-aarch64)
Heap:
 garbage-first heap   total 133120K, used 59674K [0x0000000780000000, 0x0000000800000000)
  region size 1024K, 53 young (54272K), 2 survivors (2048K)
 Metaspace       used 9058K, committed 9280K, reserved 1114112K
  class space    used 904K, committed 1024K, reserved 1048576K
GC Heap History (10 events):
Event: 54.367 GC heap before
{Heap before GC invocations=0 (full 0):
 garbage-first heap   total 133120K, used 30733K [0x0000000780000000, 0x0000000800000000)
  region size 1024K, 23 young (23552K), 0 survivors (0K)
 Metaspace       used 8756K, committed 8960K, reserved 1114112K
  class space    used 902K, committed 1024K, reserved 1048576K
}
Event: 54.370 GC heap after
{Heap after GC invocations=1 (full 0):
 garbage-first heap   total 133120K, used 9013K [0x0000000780000000, 0x0000000800000000)
  region size 1024K, 2 young (2048K), 2 survivors (2048K)
 Metaspace       used 8756K, committed 8960K, reserved 1114112K
  class space    used 902K, committed 1024K, reserved 1048576K
}
Event: 326.104 GC heap before
{Heap before GC invocations=1 (full 0):
 garbage-first heap   total 133120K, used 73525K [0x0000000780000000, 0x0000000800000000)
  region size 1024K, 64 young (65536K), 2 survivors (2048K)
 Metaspace       used 9054K, committed 9280K, reserved 1114112K
  class space    used 904K, committed 1024K, reserved 1048576K
}
Event: 326.109 GC heap after
{Heap after GC invocations=2 (full 0):
 garbage-first heap   total 133120K, used 7115K [0x0000000780000000, 0x0000000800000000)
  region size 1024K, 2 young (2048K), 2 survivors (2048K)
 Metaspace       used 9054K, committed 9280K, reserved 1114112K
  class space    used 904K, committed 1024K, reserved 1048576K
}
Event: 660.890 GC heap before
{Heap before GC invocations=2 (full 0):
 garbage-first heap   total 133120K, used 83915K [0x0000000780000000, 0x0000000800000000)
  region size 1024K, 76 young (77824K), 2 survivors (2048K)
 Metaspace       used 9054K, committed 9280K, reserved 1114112K
  class space    used 904K, committed 1024K, reserved 1048576K
}
Event: 660.901 GC heap after
{Heap after GC invocations=3 (full 0):
 garbage-first heap   total 133120K, used 7047K [0x0000000780000000, 0x0000000800000000)
  region size 1024K, 2 young (2048K), 2 survivors (2048K)
 Metaspace       used 9054K, committed 9280K, reserved 1114112K
  class space    used 904K, committed 1024K, reserved 1048576K
}
Event: 992.060 GC heap before
{Heap before GC invocations=3 (full 0):
 garbage-first heap   total 133120K, used 83847K [0x0000000780000000, 0x0000000800000000)
  region size 1024K, 76 young (77824K), 2 survivors (2048K)
 Metaspace       used 9054K, committed 9280K, reserved 1114112K
  class space    used 904K, committed 1024K, reserved 1048576K
}
Event: 992.064 GC heap after
{Heap after GC invocations=4 (full 0):
 garbage-first heap   total 133120K, used 6910K [0x0000000780000000, 0x0000000800000000)
  region size 1024K, 2 young (2048K), 2 survivors (2048K)
 Metaspace       used 9054K, committed 9280K, reserved 1114112K
  class space    used 904K, committed 1024K, reserved 1048576K
}
Event: 1326.156 GC heap before
{Heap before GC invocations=4 (full 0):
 garbage-first heap   total 133120K, used 83710K [0x0000000780000000, 0x0000000800000000)
  region size 1024K, 76 young (77824K), 2 survivors (2048K)
 Metaspace       used 9058K, committed 9280K, reserved 1114112K
  class space    used 904K, committed 1024K, reserved 1048576K
}
Event: 1326.164 GC heap after
{Heap after GC invocations=5 (full 0):
 garbage-first heap   total 133120K, used 6936K [0x0000000780000000, 0x0000000800000000)
  region size 1024K, 2 young (2048K), 2 survivors (2048K)
 Metaspace       used 9058K, committed 9280K, reserved 1114112K
  class space    used 904K, committed 1024K, reserved 1048576K
}

