# JRE version: OpenJDK Runtime Environment Microsoft-9911842 (21.0.4+7) (build 21.0.4+7-LTS)
# Java VM: OpenJDK 64-Bit Server VM Microsoft-9911842 (21.0.4+7-LTS, mixed mode, sharing, tiered, compressed oops, compressed class ptrs, g1 gc, bsd-aarch64)
Heap:
 garbage-first heap   total 133120K, used 35085K [0x0000000780000000, 0x0000000800000000)
  region size 1024K, 31 young (31744K), 2 survivors (2048K)
 Metaspace       used 8896K, committed 9152K, reserved 1114112K
  class space    used 893K, committed 1024K, reserved 1048576K
GC Heap History (20 events):
Event: 1619.608 GC heap before
{Heap before GC invocations=5 (full 0):
 garbage-first heap   total 133120K, used 83873K [0x0000000780000000, 0x0000000800000000)
  region size 1024K, 76 young (77824K), 2 survivors (2048K)
 Metaspace       used 8694K, committed 8960K, reserved 1114112K
  class space    used 892K, committed 1024K, reserved 1048576K
}
Event: 1619.613 GC heap after
{Heap after GC invocations=6 (full 0):
 garbage-first heap   total 133120K, used 7103K [0x0000000780000000, 0x0000000800000000)
  region size 1024K, 2 young (2048K), 2 survivors (2048K)
 Metaspace       used 8694K, committed 8960K, reserved 1114112K
  class space    used 892K, committed 1024K, reserved 1048576K
}
Event: 1948.583 GC heap before
{Heap before GC invocations=6 (full 0):
 garbage-first heap   total 133120K, used 83903K [0x0000000780000000, 0x0000000800000000)
  region size 1024K, 76 young (77824K), 2 survivors (2048K)
 Metaspace       used 8695K, committed 8960K, reserved 1114112K
  class space    used 892K, committed 1024K, reserved 1048576K
}
Event: 1948.592 GC heap after
{Heap after GC invocations=7 (full 0):
 garbage-first heap   total 133120K, used 6923K [0x0000000780000000, 0x0000000800000000)
  region size 1024K, 2 young (2048K), 2 survivors (2048K)
 Metaspace       used 8695K, committed 8960K, reserved 1114112K
  class space    used 892K, committed 1024K, reserved 1048576K
}
Event: 2277.737 GC heap before
{Heap before GC invocations=7 (full 0):
 garbage-first heap   total 133120K, used 83723K [0x0000000780000000, 0x0000000800000000)
  region size 1024K, 76 young (77824K), 2 survivors (2048K)
 Metaspace       used 8695K, committed 8960K, reserved 1114112K
  class space    used 892K, committed 1024K, reserved 1048576K
}
Event: 2277.742 GC heap after
{Heap after GC invocations=8 (full 0):
 garbage-first heap   total 133120K, used 6947K [0x0000000780000000, 0x0000000800000000)
  region size 1024K, 2 young (2048K), 2 survivors (2048K)
 Metaspace       used 8695K, committed 8960K, reserved 1114112K
  class space    used 892K, committed 1024K, reserved 1048576K
}
Event: 2602.802 GC heap before
{Heap before GC invocations=8 (full 0):
 garbage-first heap   total 133120K, used 83747K [0x0000000780000000, 0x0000000800000000)
  region size 1024K, 76 young (77824K), 2 survivors (2048K)
 Metaspace       used 8896K, committed 9152K, reserved 1114112K
  class space    used 893K, committed 1024K, reserved 1048576K
}
Event: 2602.814 GC heap after
{Heap after GC invocations=9 (full 0):
 garbage-first heap   total 133120K, used 6865K [0x0000000780000000, 0x0000000800000000)
  region size 1024K, 2 young (2048K), 2 survivors (2048K)
 Metaspace       used 8896K, committed 9152K, reserved 1114112K
  class space    used 893K, committed 1024K, reserved 1048576K
}
Event: 2934.137 GC heap before
{Heap before GC invocations=9 (full 0):
 garbage-first heap   total 133120K, used 83665K [0x0000000780000000, 0x0000000800000000)
  region size 1024K, 76 young (77824K), 2 survivors (2048K)
 Metaspace       used 8896K, committed 9152K, reserved 1114112K
  class space    used 893K, committed 1024K, reserved 1048576K
}
Event: 2934.143 GC heap after
{Heap after GC invocations=10 (full 0):
 garbage-first heap   total 133120K, used 4741K [0x0000000780000000, 0x0000000800000000)
  region size 1024K, 2 young (2048K), 2 survivors (2048K)
 Metaspace       used 8896K, committed 9152K, reserved 1114112K
  class space    used 893K, committed 1024K, reserved 1048576K
}
Event: 3267.096 GC heap before
{Heap before GC invocations=10 (full 0):
 garbage-first heap   total 133120K, used 81541K [0x0000000780000000, 0x0000000800000000)
  region size 1024K, 76 young (77824K), 2 survivors (2048K)
 Metaspace       used 8896K, committed 9152K, reserved 1114112K
  class space    used 893K, committed 1024K, reserved 1048576K
}
Event: 3267.103 GC heap after
{Heap after GC invocations=11 (full 0):
 garbage-first heap   total 133120K, used 4804K [0x0000000780000000, 0x0000000800000000)
  region size 1024K, 2 young (2048K), 2 survivors (2048K)
 Metaspace       used 8896K, committed 9152K, reserved 1114112K
  class space    used 893K, committed 1024K, reserved 1048576K
}
Event: 3598.632 GC heap before
{Heap before GC invocations=11 (full 0):
 garbage-first heap   total 133120K, used 81604K [0x0000000780000000, 0x0000000800000000)
  region size 1024K, 76 young (77824K), 2 survivors (2048K)
 Metaspace       used 8896K, committed 9152K, reserved 1114112K
  class space    used 893K, committed 1024K, reserved 1048576K
}
Event: 3598.638 GC heap after
{Heap after GC invocations=12 (full 0):
 garbage-first heap   total 133120K, used 4949K [0x0000000780000000, 0x0000000800000000)
  region size 1024K, 2 young (2048K), 2 survivors (2048K)
 Metaspace       used 8896K, committed 9152K, reserved 1114112K
  class space    used 893K, committed 1024K, reserved 1048576K
}
Event: 3930.676 GC heap before
{Heap before GC invocations=12 (full 0):
 garbage-first heap   total 133120K, used 81749K [0x0000000780000000, 0x0000000800000000)
  region size 1024K, 76 young (77824K), 2 survivors (2048K)
 Metaspace       used 8896K, committed 9152K, reserved 1114112K
  class space    used 893K, committed 1024K, reserved 1048576K
}
Event: 3930.683 GC heap after
{Heap after GC invocations=13 (full 0):
 garbage-first heap   total 133120K, used 4982K [0x0000000780000000, 0x0000000800000000)
  region size 1024K, 2 young (2048K), 2 survivors (2048K)
 Metaspace       used 8896K, committed 9152K, reserved 1114112K
  class space    used 893K, committed 1024K, reserved 1048576K
}
Event: 4271.026 GC heap before
{Heap before GC invocations=13 (full 0):
 garbage-first heap   total 133120K, used 81782K [0x0000000780000000, 0x0000000800000000)
  region size 1024K, 76 young (77824K), 2 survivors (2048K)
 Metaspace       used 8896K, committed 9152K, reserved 1114112K
  class space    used 893K, committed 1024K, reserved 1048576K
}
Event: 4271.031 GC heap after
{Heap after GC invocations=14 (full 0):
 garbage-first heap   total 133120K, used 4996K [0x0000000780000000, 0x0000000800000000)
  region size 1024K, 2 young (2048K), 2 survivors (2048K)
 Metaspace       used 8896K, committed 9152K, reserved 1114112K
  class space    used 893K, committed 1024K, reserved 1048576K
}
Event: 4606.762 GC heap before
{Heap before GC invocations=14 (full 0):
 garbage-first heap   total 133120K, used 81796K [0x0000000780000000, 0x0000000800000000)
  region size 1024K, 76 young (77824K), 2 survivors (2048K)
 Metaspace       used 8896K, committed 9152K, reserved 1114112K
  class space    used 893K, committed 1024K, reserved 1048576K
}
Event: 4606.770 GC heap after
{Heap after GC invocations=15 (full 0):
 garbage-first heap   total 133120K, used 4875K [0x0000000780000000, 0x0000000800000000)
  region size 1024K, 2 young (2048K), 2 survivors (2048K)
 Metaspace       used 8896K, committed 9152K, reserved 1114112K
  class space    used 893K, committed 1024K, reserved 1048576K
}

